# JRE version: OpenJDK Runtime Environment (8.0_152-b02) (build 1.8.0_152-release-1024-b02)
# Java VM: OpenJDK 64-Bit Server VM (25.152-b02 mixed mode windows-amd64 compressed oops)
Heap:
 PSYoungGen      total 26624K, used 3480K [0x00000000e0000000, 0x00000000e1c00000, 0x0000000100000000)
  eden space 24576K, 5% used [0x00000000e0000000,0x00000000e0166340,0x00000000e1800000)
  from space 2048K, 100% used [0x00000000e1800000,0x00000000e1a00000,0x00000000e1a00000)
  to   space 2048K, 0% used [0x00000000e1a00000,0x00000000e1a00000,0x00000000e1c00000)
 ParOldGen       total 32768K, used 5229K [0x00000000a0000000, 0x00000000a2000000, 0x00000000e0000000)
  object space 32768K, 15% used [0x00000000a0000000,0x00000000a051b568,0x00000000a2000000)
 Metaspace       used 12484K, capacity 12882K, committed 13184K, reserved 1060864K
  class space    used 1693K, capacity 1833K, committed 1920K, reserved 1048576K
GC Heap History (10 events):
Event: 2.312 GC heap before
{Heap before GC invocations=1 (full 0):
 PSYoungGen      total 14336K, used 12288K [0x00000000e0000000, 0x00000000e1000000, 0x0000000100000000)
  eden space 12288K, 100% used [0x00000000e0000000,0x00000000e0c00000,0x00000000e0c00000)
  from space 2048K, 0% used [0x00000000e0e00000,0x00000000e0e00000,0x00000000e1000000)
  to   space 2048K, 0% used [0x00000000e0c00000,0x00000000e0c00000,0x00000000e0e00000)
 ParOldGen       total 32768K, used 0K [0x00000000a0000000, 0x00000000a2000000, 0x00000000e0000000)
  object space 32768K, 0% used [0x00000000a0000000,0x00000000a0000000,0x00000000a2000000)
 Metaspace       used 5473K, capacity 5630K, committed 5888K, reserved 1056768K
  class space    used 657K, capacity 715K, committed 768K, reserved 1048576K
Event: 2.331 GC heap after
Heap after GC invocations=1 (full 0):
 PSYoungGen      total 14336K, used 2041K [0x00000000e0000000, 0x00000000e1000000, 0x0000000100000000)
  eden space 12288K, 0% used [0x00000000e0000000,0x00000000e0000000,0x00000000e0c00000)
  from space 2048K, 99% used [0x00000000e0c00000,0x00000000e0dfe5b8,0x00000000e0e00000)
  to   space 2048K, 0% used [0x00000000e0e00000,0x00000000e0e00000,0x00000000e1000000)
 ParOldGen       total 32768K, used 146K [0x00000000a0000000, 0x00000000a2000000, 0x00000000e0000000)
  object space 32768K, 0% used [0x00000000a0000000,0x00000000a00249f8,0x00000000a2000000)
 Metaspace       used 5473K, capacity 5630K, committed 5888K, reserved 1056768K
  class space    used 657K, capacity 715K, committed 768K, reserved 1048576K
}
Event: 3.230 GC heap before
{Heap before GC invocations=2 (full 0):
 PSYoungGen      total 14336K, used 14329K [0x00000000e0000000, 0x00000000e1000000, 0x0000000100000000)
  eden space 12288K, 100% used [0x00000000e0000000,0x00000000e0c00000,0x00000000e0c00000)
  from space 2048K, 99% used [0x00000000e0c00000,0x00000000e0dfe5b8,0x00000000e0e00000)
  to   space 2048K, 0% used [0x00000000e0e00000,0x00000000e0e00000,0x00000000e1000000)
 ParOldGen       total 32768K, used 146K [0x00000000a0000000, 0x00000000a2000000, 0x00000000e0000000)
  object space 32768K, 0% used [0x00000000a0000000,0x00000000a00249f8,0x00000000a2000000)
 Metaspace       used 6566K, capacity 6766K, committed 7040K, reserved 1056768K
  class space    used 804K, capacity 875K, committed 896K, reserved 1048576K
Event: 3.249 GC heap after
Heap after GC invocations=2 (full 0):
 PSYoungGen      total 14336K, used 2016K [0x00000000e0000000, 0x00000000e1c00000, 0x0000000100000000)
  eden space 12288K, 0% used [0x00000000e0000000,0x00000000e0000000,0x00000000e0c00000)
  from space 2048K, 98% used [0x00000000e0e00000,0x00000000e0ff8020,0x00000000e1000000)
  to   space 2048K, 0% used [0x00000000e0c00000,0x00000000e0c00000,0x00000000e0e00000)
 ParOldGen       total 32768K, used 930K [0x00000000a0000000, 0x00000000a2000000, 0x00000000e0000000)
  object space 32768K, 2% used [0x00000000a0000000,0x00000000a00e89f0,0x00000000a2000000)
 Metaspace       used 6566K, capacity 6766K, committed 7040K, reserved 1056768K
  class space    used 804K, capacity 875K, committed 896K, reserved 1048576K
}
Event: 3.979 GC heap before
{Heap before GC invocations=3 (full 0):
 PSYoungGen      total 14336K, used 14304K [0x00000000e0000000, 0x00000000e1c00000, 0x0000000100000000)
  eden space 12288K, 100% used [0x00000000e0000000,0x00000000e0c00000,0x00000000e0c00000)
  from space 2048K, 98% used [0x00000000e0e00000,0x00000000e0ff8020,0x00000000e1000000)
  to   space 2048K, 0% used [0x00000000e0c00000,0x00000000e0c00000,0x00000000e0e00000)
 ParOldGen       total 32768K, used 930K [0x00000000a0000000, 0x00000000a2000000, 0x00000000e0000000)
  object space 32768K, 2% used [0x00000000a0000000,0x00000000a00e89f0,0x00000000a2000000)
 Metaspace       used 6664K, capacity 6830K, committed 7040K, reserved 1056768K
  class space    used 804K, capacity 875K, committed 896K, reserved 1048576K
Event: 3.985 GC heap after
Heap after GC invocations=3 (full 0):
 PSYoungGen      total 14336K, used 1970K [0x00000000e0000000, 0x00000000e1c00000, 0x0000000100000000)
  eden space 12288K, 0% used [0x00000000e0000000,0x00000000e0000000,0x00000000e0c00000)
  from space 2048K, 96% used [0x00000000e0c00000,0x00000000e0decb70,0x00000000e0e00000)
  to   space 2048K, 0% used [0x00000000e1a00000,0x00000000e1a00000,0x00000000e1c00000)
 ParOldGen       total 32768K, used 938K [0x00000000a0000000, 0x00000000a2000000, 0x00000000e0000000)
  object space 32768K, 2% used [0x00000000a0000000,0x00000000a00ea9f0,0x00000000a2000000)
 Metaspace       used 6664K, capacity 6830K, committed 7040K, reserved 1056768K
  class space    used 804K, capacity 875K, committed 896K, reserved 1048576K
}
Event: 4.475 GC heap before
{Heap before GC invocations=4 (full 0):
 PSYoungGen      total 14336K, used 14258K [0x00000000e0000000, 0x00000000e1c00000, 0x0000000100000000)
  eden space 12288K, 100% used [0x00000000e0000000,0x00000000e0c00000,0x00000000e0c00000)
  from space 2048K, 96% used [0x00000000e0c00000,0x00000000e0decb70,0x00000000e0e00000)
  to   space 2048K, 0% used [0x00000000e1a00000,0x00000000e1a00000,0x00000000e1c00000)
 ParOldGen       total 32768K, used 938K [0x00000000a0000000, 0x00000000a2000000, 0x00000000e0000000)
  object space 32768K, 2% used [0x00000000a0000000,0x00000000a00ea9f0,0x00000000a2000000)
 Metaspace       used 7001K, capacity 7144K, committed 7424K, reserved 1056768K
  class space    used 883K, capacity 980K, committed 1024K, reserved 1048576K
Event: 4.492 GC heap after
Heap after GC invocations=4 (full 0):
 PSYoungGen      total 26624K, used 2048K [0x00000000e0000000, 0x00000000e1c00000, 0x0000000100000000)
  eden space 24576K, 0% used [0x00000000e0000000,0x00000000e0000000,0x00000000e1800000)
  from space 2048K, 100% used [0x00000000e1a00000,0x00000000e1c00000,0x00000000e1c00000)
  to   space 2048K, 0% used [0x00000000e1800000,0x00000000e1800000,0x00000000e1a00000)
 ParOldGen       total 32768K, used 1546K [0x00000000a0000000, 0x00000000a2000000, 0x00000000e0000000)
  object space 32768K, 4% used [0x00000000a0000000,0x00000000a0182bd0,0x00000000a2000000)
 Metaspace       used 7001K, capacity 7144K, committed 7424K, reserved 1056768K
  class space    used 883K, capacity 980K, committed 1024K, reserved 1048576K
}
Event: 8.112 GC heap before
{Heap before GC invocations=5 (full 0):
 PSYoungGen      total 26624K, used 26624K [0x00000000e0000000, 0x00000000e1c00000, 0x0000000100000000)
  eden space 24576K, 100% used [0x00000000e0000000,0x00000000e1800000,0x00000000e1800000)
  from space 2048K, 100% used [0x00000000e1a00000,0x00000000e1c00000,0x00000000e1c00000)
  to   space 2048K, 0% used [0x00000000e1800000,0x00000000e1800000,0x00000000e1a00000)
 ParOldGen       total 32768K, used 1546K [0x00000000a0000000, 0x00000000a2000000, 0x00000000e0000000)
  object space 32768K, 4% used [0x00000000a0000000,0x00000000a0182bd0,0x00000000a2000000)
 Metaspace       used 12383K, capacity 12786K, committed 12928K, reserved 1060864K
  class space    used 1663K, capacity 1801K, committed 1920K, reserved 1048576K
Event: 8.135 GC heap after
Heap after GC invocations=5 (full 0):
 PSYoungGen      total 26624K, used 2048K [0x00000000e0000000, 0x00000000e1c00000, 0x0000000100000000)
  eden space 24576K, 0% used [0x00000000e0000000,0x00000000e0000000,0x00000000e1800000)
  from space 2048K, 100% used [0x00000000e1800000,0x00000000e1a00000,0x00000000e1a00000)
  to   space 2048K, 0% used [0x00000000e1a00000,0x00000000e1a00000,0x00000000e1c00000)
 ParOldGen       total 32768K, used 5229K [0x00000000a0000000, 0x00000000a2000000, 0x00000000e0000000)
  object space 32768K, 15% used [0x00000000a0000000,0x00000000a051b568,0x00000000a2000000)
 Metaspace       used 12383K, capacity 12786K, committed 12928K, reserved 1060864K
  class space    used 1663K, capacity 1801K, committed 1920K, reserved 1048576K
}

